<?xml version="1.0" encoding="UTF-8"?>
<!-- Generated by org.testng.reporters.JUnitXMLReporter -->
<testsuite hostname="DESKTOP-ARMMF2N" name="Test" tests="2" failures="2" timestamp="29 Dec 2018 03:19:46 GMT" time="0.02" errors="0">
  <testcase name="f" time="0.003" classname="seleniumday5.seleniumday5.j1229Test">
    <failure type="org.testng.TestNGException" message="
The data provider is trying to pass 3 parameters but the method seleniumday5.seleniumday5.j1229Test#f takes 2">
      <![CDATA[org.testng.TestNGException: 
The data provider is trying to pass 3 parameters but the method seleniumday5.seleniumday5.j1229Test#f takes 2
	at java.util.concurrent.ThreadPoolExecutor.runWorker(Unknown Source)
	at java.util.concurrent.ThreadPoolExecutor$Worker.run(Unknown Source)
	at java.lang.Thread.run(Unknown Source)
... Removed 4 stack frames]]>
    </failure>
  </testcase> <!-- f -->
  <testcase name="main" time="0.004" classname="seleniumday5.seleniumday5.j1229Test">
    <failure type="java.lang.RuntimeException" message="Test not implemented">
      <![CDATA[java.lang.RuntimeException: Test not implemented
	at seleniumday5.seleniumday5.j1229Test.main(j1229Test.java:72)
	at java.util.concurrent.ThreadPoolExecutor.runWorker(Unknown Source)
	at java.util.concurrent.ThreadPoolExecutor$Worker.run(Unknown Source)
	at java.lang.Thread.run(Unknown Source)
... Removed 10 stack frames]]>
    </failure>
  </testcase> <!-- main -->
</testsuite> <!-- Test -->
